{"/Users/chuckrussell/Documents/Programming/log-analyzer/src/parseFile.ts": {"path":"/Users/chuckrussell/Documents/Programming/log-analyzer/src/parseFile.ts","statementMap":{"0":{"start":{"line":12,"column":0},"end":{"line":12,"column":22}},"1":{"start":{"line":1,"column":0},"end":{"line":1,"column":20}},"2":{"start":{"line":2,"column":0},"end":{"line":2,"column":32}},"3":{"start":{"line":3,"column":0},"end":{"line":3,"column":52}},"4":{"start":{"line":4,"column":0},"end":{"line":4,"column":38}},"5":{"start":{"line":12,"column":32},"end":{"line":51,"column":null}},"6":{"start":{"line":14,"column":2},"end":{"line":50,"column":3}},"7":{"start":{"line":15,"column":4},"end":{"line":17,"column":7}},"8":{"start":{"line":19,"column":24},"end":{"line":19,"column":43}},"9":{"start":{"line":21,"column":28},"end":{"line":21,"column":29}},"10":{"start":{"line":22,"column":23},"end":{"line":22,"column":24}},"11":{"start":{"line":24,"column":4},"end":{"line":35,"column":5}},"12":{"start":{"line":24,"column":29},"end":{"line":24,"column":42}},"13":{"start":{"line":24,"column":29},"end":{"line":24,"column":44}},"14":{"start":{"line":24,"column":25},"end":{"line":24,"column":29}},"15":{"start":{"line":25,"column":6},"end":{"line":34,"column":9}},"16":{"start":{"line":26,"column":20},"end":{"line":26,"column":34}},"17":{"start":{"line":27,"column":8},"end":{"line":32,"column":9}},"18":{"start":{"line":28,"column":10},"end":{"line":28,"column":34}},"19":{"start":{"line":29,"column":10},"end":{"line":29,"column":30}},"20":{"start":{"line":31,"column":10},"end":{"line":31,"column":25}},"21":{"start":{"line":33,"column":8},"end":{"line":33,"column":18}},"22":{"start":{"line":36,"column":20},"end":{"line":36,"column":47}},"23":{"start":{"line":38,"column":4},"end":{"line":38,"column":67}},"24":{"start":{"line":39,"column":4},"end":{"line":39,"column":52}},"25":{"start":{"line":40,"column":4},"end":{"line":40,"column":47}},"26":{"start":{"line":41,"column":4},"end":{"line":41,"column":20}},"27":{"start":{"line":42,"column":4},"end":{"line":42,"column":26}},"28":{"start":{"line":43,"column":4},"end":{"line":43,"column":62}},"29":{"start":{"line":44,"column":4},"end":{"line":46,"column":6}},"30":{"start":{"line":47,"column":4},"end":{"line":47,"column":79}},"31":{"start":{"line":49,"column":4},"end":{"line":49,"column":54}}},"fnMap":{"0":{"name":"parseFile","decl":{"start":{"line":12,"column":22},"end":{"line":12,"column":31}},"loc":{"start":{"line":12,"column":31},"end":{"line":51,"column":null}}},"1":{"name":"(anonymous_16)","decl":{"start":{"line":12,"column":32},"end":{"line":12,"column":48}},"loc":{"start":{"line":12,"column":57},"end":{"line":51,"column":1}}},"2":{"name":"(anonymous_17)","decl":{"start":{"line":25,"column":30},"end":{"line":25,"column":31}},"loc":{"start":{"line":25,"column":42},"end":{"line":34,"column":7}}}},"branchMap":{"0":{"loc":{"start":{"line":12,"column":50},"end":{"line":12,"column":57}},"type":"default-arg","locations":[{"start":{"line":12,"column":56},"end":{"line":12,"column":57}}]},"1":{"loc":{"start":{"line":27,"column":8},"end":{"line":32,"column":9}},"type":"if","locations":[{"start":{"line":27,"column":8},"end":{"line":32,"column":9}},{"start":{"line":30,"column":15},"end":{"line":32,"column":9}}]}},"s":{"0":0,"1":0,"2":0,"3":0,"4":0,"5":0,"6":0,"7":0,"8":0,"9":0,"10":0,"11":0,"12":0,"13":0,"14":0,"15":0,"16":0,"17":0,"18":0,"19":0,"20":0,"21":0,"22":0,"23":0,"24":0,"25":0,"26":0,"27":0,"28":0,"29":0,"30":0,"31":0},"f":{"0":0,"1":0,"2":0},"b":{"0":[0],"1":[0,0]}}
,"/Users/chuckrussell/Documents/Programming/log-analyzer/src/parseLog.ts": {"path":"/Users/chuckrussell/Documents/Programming/log-analyzer/src/parseLog.ts","statementMap":{"0":{"start":{"line":19,"column":0},"end":{"line":19,"column":16}},"1":{"start":{"line":2,"column":0},"end":{"line":2,"column":28}},"2":{"start":{"line":17,"column":2},"end":{"line":17,"column":95}},"3":{"start":{"line":20,"column":17},"end":{"line":20,"column":36}},"4":{"start":{"line":22,"column":2},"end":{"line":22,"column":27}},"5":{"start":{"line":22,"column":15},"end":{"line":22,"column":27}},"6":{"start":{"line":24,"column":18},"end":{"line":24,"column":38}},"7":{"start":{"line":28,"column":15},"end":{"line":28,"column":68}},"8":{"start":{"line":30,"column":29},"end":{"line":42,"column":4}},"9":{"start":{"line":44,"column":2},"end":{"line":44,"column":19}}},"fnMap":{"0":{"name":"parseLog","decl":{"start":{"line":19,"column":16},"end":{"line":19,"column":24}},"loc":{"start":{"line":19,"column":36},"end":{"line":45,"column":1}}}},"branchMap":{"0":{"loc":{"start":{"line":22,"column":2},"end":{"line":22,"column":27}},"type":"if","locations":[{"start":{"line":22,"column":2},"end":{"line":22,"column":27}},{"start":{},"end":{}}]}},"s":{"0":1,"1":1,"2":1,"3":8,"4":8,"5":2,"6":6,"7":6,"8":6,"9":6},"f":{"0":8},"b":{"0":[2,6]}}
,"/Users/chuckrussell/Documents/Programming/log-analyzer/src/summarizeLogs.ts": {"path":"/Users/chuckrussell/Documents/Programming/log-analyzer/src/summarizeLogs.ts","statementMap":{"0":{"start":{"line":16,"column":0},"end":{"line":16,"column":16}},"1":{"start":{"line":17,"column":22},"end":{"line":17,"column":47}},"2":{"start":{"line":18,"column":20},"end":{"line":18,"column":45}},"3":{"start":{"line":25,"column":23},"end":{"line":25,"column":24}},"4":{"start":{"line":26,"column":4},"end":{"line":28,"column":5}},"5":{"start":{"line":27,"column":6},"end":{"line":27,"column":61}},"6":{"start":{"line":29,"column":4},"end":{"line":29,"column":52}},"7":{"start":{"line":31,"column":26},"end":{"line":31,"column":27}},"8":{"start":{"line":32,"column":4},"end":{"line":34,"column":5}},"9":{"start":{"line":33,"column":6},"end":{"line":33,"column":70}},"10":{"start":{"line":35,"column":4},"end":{"line":35,"column":61}},"11":{"start":{"line":51,"column":30},"end":{"line":54,"column":26}},"12":{"start":{"line":52,"column":22},"end":{"line":52,"column":33}},"13":{"start":{"line":54,"column":22},"end":{"line":54,"column":25}},"14":{"start":{"line":56,"column":27},"end":{"line":59,"column":26}},"15":{"start":{"line":57,"column":22},"end":{"line":57,"column":33}},"16":{"start":{"line":59,"column":22},"end":{"line":59,"column":25}},"17":{"start":{"line":61,"column":4},"end":{"line":65,"column":6}},"18":{"start":{"line":68,"column":2},"end":{"line":68,"column":32}}},"fnMap":{"0":{"name":"createLogAnalyzer","decl":{"start":{"line":16,"column":16},"end":{"line":16,"column":33}},"loc":{"start":{"line":16,"column":33},"end":{"line":69,"column":1}}},"1":{"name":"addLog","decl":{"start":{"line":24,"column":11},"end":{"line":24,"column":17}},"loc":{"start":{"line":24,"column":30},"end":{"line":36,"column":3}}},"2":{"name":"getSummary","decl":{"start":{"line":50,"column":11},"end":{"line":50,"column":21}},"loc":{"start":{"line":50,"column":42},"end":{"line":66,"column":3}}},"3":{"name":"(anonymous_3)","decl":{"start":{"line":52,"column":12},"end":{"line":52,"column":13}},"loc":{"start":{"line":52,"column":22},"end":{"line":52,"column":33}}},"4":{"name":"(anonymous_4)","decl":{"start":{"line":54,"column":11},"end":{"line":54,"column":12}},"loc":{"start":{"line":54,"column":22},"end":{"line":54,"column":25}}},"5":{"name":"(anonymous_5)","decl":{"start":{"line":57,"column":12},"end":{"line":57,"column":13}},"loc":{"start":{"line":57,"column":22},"end":{"line":57,"column":33}}},"6":{"name":"(anonymous_6)","decl":{"start":{"line":59,"column":11},"end":{"line":59,"column":12}},"loc":{"start":{"line":59,"column":22},"end":{"line":59,"column":25}}}},"branchMap":{"0":{"loc":{"start":{"line":26,"column":4},"end":{"line":28,"column":5}},"type":"if","locations":[{"start":{"line":26,"column":4},"end":{"line":28,"column":5}},{"start":{},"end":{}}]},"1":{"loc":{"start":{"line":32,"column":4},"end":{"line":34,"column":5}},"type":"if","locations":[{"start":{"line":32,"column":4},"end":{"line":34,"column":5}},{"start":{},"end":{}}]},"2":{"loc":{"start":{"line":50,"column":22},"end":{"line":50,"column":42}},"type":"default-arg","locations":[{"start":{"line":50,"column":41},"end":{"line":50,"column":42}}]}},"s":{"0":1,"1":9,"2":9,"3":24,"4":24,"5":11,"6":24,"7":24,"8":24,"9":14,"10":24,"11":9,"12":6,"13":12,"14":9,"15":2,"16":10,"17":9,"18":9},"f":{"0":9,"1":24,"2":9,"3":6,"4":12,"5":2,"6":10},"b":{"0":[11,13],"1":[14,10],"2":[8]}}
}
