TN:
SF:src/parseFile.ts
FN:12,parseFile
FN:12,(anonymous_16)
FN:25,(anonymous_17)
FNF:3
FNH:0
FNDA:0,parseFile
FNDA:0,(anonymous_16)
FNDA:0,(anonymous_17)
DA:1,0
DA:2,0
DA:3,0
DA:4,0
DA:12,0
DA:14,0
DA:15,0
DA:19,0
DA:21,0
DA:22,0
DA:24,0
DA:25,0
DA:26,0
DA:27,0
DA:28,0
DA:29,0
DA:31,0
DA:33,0
DA:36,0
DA:38,0
DA:39,0
DA:40,0
DA:41,0
DA:42,0
DA:43,0
DA:44,0
DA:47,0
DA:49,0
LF:28
LH:0
BRDA:12,0,0,0
BRDA:27,1,0,0
BRDA:27,1,1,0
BRF:3
BRH:0
end_of_record
TN:
SF:src/parseLog.ts
FN:19,parseLog
FNF:1
FNH:1
FNDA:8,parseLog
DA:2,1
DA:17,1
DA:19,1
DA:20,8
DA:22,8
DA:24,6
DA:28,6
DA:30,6
DA:44,6
LF:9
LH:9
BRDA:22,0,0,2
BRDA:22,0,1,6
BRF:2
BRH:2
end_of_record
TN:
SF:src/summarizeLogs.ts
FN:16,createLogAnalyzer
FN:24,addLog
FN:50,getSummary
FN:52,(anonymous_3)
FN:54,(anonymous_4)
FN:57,(anonymous_5)
FN:59,(anonymous_6)
FNF:7
FNH:7
FNDA:9,createLogAnalyzer
FNDA:24,addLog
FNDA:9,getSummary
FNDA:6,(anonymous_3)
FNDA:12,(anonymous_4)
FNDA:2,(anonymous_5)
FNDA:10,(anonymous_6)
DA:16,1
DA:17,9
DA:18,9
DA:25,24
DA:26,24
DA:27,11
DA:29,24
DA:31,24
DA:32,24
DA:33,14
DA:35,24
DA:51,9
DA:52,6
DA:54,12
DA:56,9
DA:57,2
DA:59,10
DA:61,9
DA:68,9
LF:19
LH:19
BRDA:26,0,0,11
BRDA:26,0,1,13
BRDA:32,1,0,14
BRDA:32,1,1,10
BRDA:50,2,0,8
BRF:5
BRH:5
end_of_record
